Build started 30/09/2012 23:35:38.
     1>Project "X:\Dropbox\Dropbox\Projects\Git\Project Euler\PE_CPP\PE_CPP\PE_CPP.vcxproj" on node 2 (build target(s)).
     1>InitializeBuildStatus:
         Creating "Debug\PE_CPP.unsuccessfulbuild" because "AlwaysCreate" was specified.
       ClCompile:
         C:\Program Files (x86)\Microsoft Visual Studio 10.0\VC\bin\CL.exe /c /ZI /nologo /W3 /WX- /Od /Oy- /D WIN32 /D _DEBUG /D _CONSOLE /D _UNICODE /D UNICODE /Gm /EHsc /RTC1 /MDd /GS /fp:precise /Zc:wchar_t /Zc:forScope /Fo"Debug\\" /Fd"Debug\vc100.pdb" /Gd /TP /analyze- /errorReport:prompt Solution002.cpp
         Solution002.cpp
     1>x:\dropbox\dropbox\projects\git\project euler\pe_cpp\pe_cpp\solution002.cpp(23): warning C4244: '=' : conversion from 'double' to 'long', possible loss of data
       ManifestResourceCompile:
         All outputs are up-to-date.
       Link:
         C:\Program Files (x86)\Microsoft Visual Studio 10.0\VC\bin\link.exe /ERRORREPORT:PROMPT /OUT:"X:\Dropbox\Dropbox\Projects\Git\Project Euler\PE_CPP\Debug\PE_CPP.exe" /INCREMENTAL /NOLOGO kernel32.lib user32.lib gdi32.lib winspool.lib comdlg32.lib advapi32.lib shell32.lib ole32.lib oleaut32.lib uuid.lib odbc32.lib odbccp32.lib /MANIFEST /ManifestFile:"Debug\PE_CPP.exe.intermediate.manifest" /MANIFESTUAC:"level='asInvoker' uiAccess='false'" /DEBUG /PDB:"X:\Dropbox\Dropbox\Projects\Git\Project Euler\PE_CPP\Debug\PE_CPP.pdb" /SUBSYSTEM:CONSOLE /TLBID:1 /DYNAMICBASE /NXCOMPAT /IMPLIB:"X:\Dropbox\Dropbox\Projects\Git\Project Euler\PE_CPP\Debug\PE_CPP.lib" /MACHINE:X86 Debug\PE_CPP.exe.embed.manifest.res
         Debug\PE_CPP.obj
         Debug\SBase.obj
         Debug\Solution001.obj
         Debug\Solution002.obj
         Debug\Utils.obj
       Manifest:
         C:\Program Files (x86)\Microsoft SDKs\Windows\v7.0A\bin\mt.exe /nologo /verbose /out:"Debug\PE_CPP.exe.embed.manifest" /manifest Debug\PE_CPP.exe.intermediate.manifest
         All outputs are up-to-date.
       LinkEmbedManifest:
         All outputs are up-to-date.
         PE_CPP.vcxproj -> X:\Dropbox\Dropbox\Projects\Git\Project Euler\PE_CPP\Debug\PE_CPP.exe
       FinalizeBuildStatus:
         Deleting file "Debug\PE_CPP.unsuccessfulbuild".
         Touching "Debug\PE_CPP.lastbuildstate".
     1>Done Building Project "X:\Dropbox\Dropbox\Projects\Git\Project Euler\PE_CPP\PE_CPP\PE_CPP.vcxproj" (build target(s)).

Build succeeded.

Time Elapsed 00:00:00.97
